<?xml version="1.0" encoding="UTF-8"?>
<!-- Generated by org.testng.reporters.JUnitXMLReporter -->
<testsuite hostname="DESKTOP-0M1MH5T" ignored="0" name="HybridFrameworkTest" tests="6" failures="0" timestamp="2022-05-08T07:27:28 IST" time="56.165" errors="0">
  <testcase name="@AfterClass afterClass" time="1.198" classname="com.qa.linkedin.testcases.SearchDatadrivenTest">
    <failure type="org.openqa.selenium.StaleElementReferenceException" message="stale element reference: element is not attached to the page document
  (Session info: chrome=101.0.4951.54)
For documentation on this error, please visit: https://selenium.dev/exceptions/#stale_element_reference
Build info: version: &amp;apos;4.1.2&amp;apos;, revision: &amp;apos;9a5a329c5a&amp;apos;
System info: host: &amp;apos;DESKTOP-0M1MH5T&amp;apos;, ip: &amp;apos;192.168.0.192&amp;apos;, os.name: &amp;apos;Windows 10&amp;apos;, os.arch: &amp;apos;amd64&amp;apos;, os.version: &amp;apos;10.0&amp;apos;, java.version: &amp;apos;1.8.0_311&amp;apos;
Driver info: org.openqa.selenium.chrome.ChromeDriver
Command: [610aebc46655a445704bda80d1a45b48, clickElement {id=3d2ddc1a-03e7-42de-9375-07edc157395c}]
Capabilities {acceptInsecureCerts: false, browserName: chrome, browserVersion: 101.0.4951.54, chrome: {chromedriverVersion: 101.0.4951.41 (93c720db8323..., userDataDir: C:\Users\LENOVO\AppData\Loc...}, goog:chromeOptions: {debuggerAddress: localhost:61009}, javascriptEnabled: true, networkConnectionEnabled: false, pageLoadStrategy: normal, platform: WINDOWS, platformName: WINDOWS, proxy: Proxy(), se:cdp: ws://localhost:61009/devtoo..., se:cdpVersion: 101.0.4951.54, setWindowRect: true, strictFileInteractability: false, timeouts: {implicit: 0, pageLoad: 300000, script: 30000}, unhandledPromptBehavior: dismiss and notify, webauthn:extension:credBlob: true, webauthn:extension:largeBlob: true, webauthn:virtualAuthenticators: true}
Element: [[ChromeDriver: chrome on WINDOWS (610aebc46655a445704bda80d1a45b48)] -&amp;gt; xpath: //a[@class=&amp;apos;global-nav__secondary-link mv1&amp;apos;][contains(.,&amp;apos;Sign Out&amp;apos;)]]
Session ID: 610aebc46655a445704bda80d1a45b48">
      <![CDATA[org.openqa.selenium.StaleElementReferenceException: stale element reference: element is not attached to the page document
  (Session info: chrome=101.0.4951.54)
For documentation on this error, please visit: https://selenium.dev/exceptions/#stale_element_reference
Build info: version: '4.1.2', revision: '9a5a329c5a'
System info: host: 'DESKTOP-0M1MH5T', ip: '192.168.0.192', os.name: 'Windows 10', os.arch: 'amd64', os.version: '10.0', java.version: '1.8.0_311'
Driver info: org.openqa.selenium.chrome.ChromeDriver
Command: [610aebc46655a445704bda80d1a45b48, clickElement {id=3d2ddc1a-03e7-42de-9375-07edc157395c}]
Capabilities {acceptInsecureCerts: false, browserName: chrome, browserVersion: 101.0.4951.54, chrome: {chromedriverVersion: 101.0.4951.41 (93c720db8323..., userDataDir: C:\Users\LENOVO\AppData\Loc...}, goog:chromeOptions: {debuggerAddress: localhost:61009}, javascriptEnabled: true, networkConnectionEnabled: false, pageLoadStrategy: normal, platform: WINDOWS, platformName: WINDOWS, proxy: Proxy(), se:cdp: ws://localhost:61009/devtoo..., se:cdpVersion: 101.0.4951.54, setWindowRect: true, strictFileInteractability: false, timeouts: {implicit: 0, pageLoad: 300000, script: 30000}, unhandledPromptBehavior: dismiss and notify, webauthn:extension:credBlob: true, webauthn:extension:largeBlob: true, webauthn:virtualAuthenticators: true}
Element: [[ChromeDriver: chrome on WINDOWS (610aebc46655a445704bda80d1a45b48)] -> xpath: //a[@class='global-nav__secondary-link mv1'][contains(.,'Sign Out')]]
Session ID: 610aebc46655a445704bda80d1a45b48
at org.openqa.selenium.remote.codec.w3c.W3CHttpResponseCodec.createException(W3CHttpResponseCodec.java:200)
at org.openqa.selenium.remote.codec.w3c.W3CHttpResponseCodec.decode(W3CHttpResponseCodec.java:133)
at org.openqa.selenium.remote.codec.w3c.W3CHttpResponseCodec.decode(W3CHttpResponseCodec.java:53)
at org.openqa.selenium.remote.HttpCommandExecutor.execute(HttpCommandExecutor.java:184)
at org.openqa.selenium.remote.service.DriverCommandExecutor.invokeExecute(DriverCommandExecutor.java:167)
at org.openqa.selenium.remote.service.DriverCommandExecutor.execute(DriverCommandExecutor.java:142)
at org.openqa.selenium.remote.RemoteWebDriver.execute(RemoteWebDriver.java:558)
at org.openqa.selenium.remote.RemoteWebElement.execute(RemoteWebElement.java:251)
at org.openqa.selenium.remote.RemoteWebElement.click(RemoteWebElement.java:77)
at org.openqa.selenium.support.pagefactory.internal.LocatingElementHandler.invoke(LocatingElementHandler.java:52)
at com.sun.proxy.$Proxy16.click(Unknown Source)
at com.qa.linkedin.pages.BasePageWeb.click(BasePageWeb.java:46)
at com.qa.linkedin.pages.LinkedinLoggedinPage.doSignOut(LinkedinLoggedinPage.java:51)
at com.qa.linkedin.testcases.SearchDatadrivenTest.afterClass(SearchDatadrivenTest.java:67)
at java.util.ArrayList.forEach(ArrayList.java:1259)
... Removed 36 stack frames]]>
    </failure>
  </testcase> <!-- @AfterClass afterClass -->
  <testcase name="doLoginTest" time="13.945" classname="com.qa.linkedin.testcases.SearchDatadrivenTest"/>
  <testcase name="doSearhTest" time="11.111" classname="com.qa.linkedin.testcases.SearchDatadrivenTest"/>
  <testcase name="doSearhTest" time="6.625" classname="com.qa.linkedin.testcases.SearchDatadrivenTest"/>
  <testcase name="doSearhTest" time="6.232" classname="com.qa.linkedin.testcases.SearchDatadrivenTest"/>
  <testcase name="doSearhTest" time="7.161" classname="com.qa.linkedin.testcases.SearchDatadrivenTest"/>
  <testcase name="doSearhTest" time="6.29" classname="com.qa.linkedin.testcases.SearchDatadrivenTest"/>
</testsuite> <!-- HybridFrameworkTest -->
