<?xml version="1.0" encoding="UTF-8"?>
<testng-results skipped="0" failed="0" ignored="0" total="6" passed="6">
  <reporter-output>
  </reporter-output>
  <suite name="HybridFrameworkSuite" duration-ms="139965" started-at="2022-05-07T06:51:50 IST" finished-at="2022-05-07T06:54:10 IST">
    <groups>
    </groups>
    <test name="HybridFrameworkTest" duration-ms="139965" started-at="2022-05-07T06:51:50 IST" finished-at="2022-05-07T06:54:10 IST">
      <class name="com.qa.linkedin.testcases.SearchDatadrivenTest">
        <test-method status="PASS" signature="setup()[pri:0, instance:com.qa.linkedin.testcases.SearchDatadrivenTest@4b14c583]" name="setup" is-config="true" duration-ms="15915" started-at="2022-05-07T06:51:35 IST" finished-at="2022-05-07T06:51:50 IST">
          <reporter-output>
          </reporter-output>
        </test-method> <!-- setup -->
        <test-method status="PASS" signature="initializeObjects()[pri:0, instance:com.qa.linkedin.testcases.SearchDatadrivenTest@4b14c583]" name="initializeObjects" is-config="true" duration-ms="275" started-at="2022-05-07T06:51:50 IST" finished-at="2022-05-07T06:51:51 IST">
          <reporter-output>
          </reporter-output>
        </test-method> <!-- initializeObjects -->
        <test-method status="PASS" signature="doLoginTest()[pri:0, instance:com.qa.linkedin.testcases.SearchDatadrivenTest@4b14c583]" name="doLoginTest" duration-ms="28723" started-at="2022-05-07T06:51:51 IST" finished-at="2022-05-07T06:52:20 IST">
          <reporter-output>
          </reporter-output>
        </test-method> <!-- doLoginTest -->
        <test-method status="PASS" signature="doSearhTest(java.lang.String)[pri:0, instance:com.qa.linkedin.testcases.SearchDatadrivenTest@4b14c583]" name="doSearhTest" duration-ms="8346" started-at="2022-05-07T06:52:29 IST" data-provider="dp" depends-on-methods="com.qa.linkedin.testcases.SearchDatadrivenTest.doLoginTest" finished-at="2022-05-07T06:52:37 IST">
          <params>
            <param index="0">
              <value>
                <![CDATA[ramesh]]>
              </value>
            </param>
          </params>
          <reporter-output>
          </reporter-output>
        </test-method> <!-- doSearhTest -->
        <test-method status="PASS" signature="doSearhTest(java.lang.String)[pri:0, instance:com.qa.linkedin.testcases.SearchDatadrivenTest@4b14c583]" name="doSearhTest" duration-ms="8471" started-at="2022-05-07T06:52:37 IST" data-provider="dp" depends-on-methods="com.qa.linkedin.testcases.SearchDatadrivenTest.doLoginTest" finished-at="2022-05-07T06:52:46 IST">
          <params>
            <param index="0">
              <value>
                <![CDATA[Madhu]]>
              </value>
            </param>
          </params>
          <reporter-output>
          </reporter-output>
        </test-method> <!-- doSearhTest -->
        <test-method status="PASS" signature="doSearhTest(java.lang.String)[pri:0, instance:com.qa.linkedin.testcases.SearchDatadrivenTest@4b14c583]" name="doSearhTest" duration-ms="7033" started-at="2022-05-07T06:52:46 IST" data-provider="dp" depends-on-methods="com.qa.linkedin.testcases.SearchDatadrivenTest.doLoginTest" finished-at="2022-05-07T06:52:53 IST">
          <params>
            <param index="0">
              <value>
                <![CDATA[Prasad]]>
              </value>
            </param>
          </params>
          <reporter-output>
          </reporter-output>
        </test-method> <!-- doSearhTest -->
        <test-method status="PASS" signature="doSearhTest(java.lang.String)[pri:0, instance:com.qa.linkedin.testcases.SearchDatadrivenTest@4b14c583]" name="doSearhTest" duration-ms="6213" started-at="2022-05-07T06:52:53 IST" data-provider="dp" depends-on-methods="com.qa.linkedin.testcases.SearchDatadrivenTest.doLoginTest" finished-at="2022-05-07T06:52:59 IST">
          <params>
            <param index="0">
              <value>
                <![CDATA[Manikanta]]>
              </value>
            </param>
          </params>
          <reporter-output>
          </reporter-output>
        </test-method> <!-- doSearhTest -->
        <test-method status="PASS" signature="doSearhTest(java.lang.String)[pri:0, instance:com.qa.linkedin.testcases.SearchDatadrivenTest@4b14c583]" name="doSearhTest" duration-ms="7960" started-at="2022-05-07T06:52:59 IST" data-provider="dp" depends-on-methods="com.qa.linkedin.testcases.SearchDatadrivenTest.doLoginTest" finished-at="2022-05-07T06:53:07 IST">
          <params>
            <param index="0">
              <value>
                <![CDATA[Prasanna]]>
              </value>
            </param>
          </params>
          <reporter-output>
          </reporter-output>
        </test-method> <!-- doSearhTest -->
        <test-method status="FAIL" signature="afterClass()[pri:0, instance:com.qa.linkedin.testcases.SearchDatadrivenTest@4b14c583]" name="afterClass" is-config="true" duration-ms="63339" started-at="2022-05-07T06:53:07 IST" finished-at="2022-05-07T06:54:10 IST">
          <exception class="org.openqa.selenium.TimeoutException">
            <message>
              <![CDATA[Expected condition failed: waiting for element to be clickable: Proxy element for: DefaultElementLocator 'By.xpath: //a[@class='global-nav__secondary-link mv1'][contains(.,'Sign Out')]' (tried for 45 second(s) with 500 milliseconds interval)]]>
            </message>
            <full-stacktrace>
              <![CDATA[org.openqa.selenium.TimeoutException: Expected condition failed: waiting for element to be clickable: Proxy element for: DefaultElementLocator 'By.xpath: //a[@class='global-nav__secondary-link mv1'][contains(.,'Sign Out')]' (tried for 45 second(s) with 500 milliseconds interval)
at org.openqa.selenium.support.ui.WebDriverWait.timeoutException(WebDriverWait.java:138)
at org.openqa.selenium.support.ui.FluentWait.until(FluentWait.java:231)
at com.qa.linkedin.pages.BasePageWeb.click(BasePageWeb.java:43)
at com.qa.linkedin.pages.LinkedinLoggedinPage.doSignOut(LinkedinLoggedinPage.java:51)
at com.qa.linkedin.testcases.SearchDatadrivenTest.afterClass(SearchDatadrivenTest.java:67)
at sun.reflect.NativeMethodAccessorImpl.invoke0(Native Method)
at sun.reflect.NativeMethodAccessorImpl.invoke(NativeMethodAccessorImpl.java:62)
at sun.reflect.DelegatingMethodAccessorImpl.invoke(DelegatingMethodAccessorImpl.java:43)
at java.lang.reflect.Method.invoke(Method.java:498)
at org.testng.internal.MethodInvocationHelper.invokeMethod(MethodInvocationHelper.java:133)
at org.testng.internal.MethodInvocationHelper.invokeMethodConsideringTimeout(MethodInvocationHelper.java:62)
at org.testng.internal.ConfigInvoker.invokeConfigurationMethod(ConfigInvoker.java:385)
at org.testng.internal.ConfigInvoker.invokeConfigurations(ConfigInvoker.java:321)
at org.testng.internal.TestMethodWorker.invokeAfterClassMethods(TestMethodWorker.java:217)
at org.testng.internal.TestMethodWorker.run(TestMethodWorker.java:130)
at java.util.ArrayList.forEach(ArrayList.java:1259)
at org.testng.TestRunner.privateRun(TestRunner.java:794)
at org.testng.TestRunner.run(TestRunner.java:596)
at org.testng.SuiteRunner.runTest(SuiteRunner.java:377)
at org.testng.SuiteRunner.runSequentially(SuiteRunner.java:371)
at org.testng.SuiteRunner.privateRun(SuiteRunner.java:332)
at org.testng.SuiteRunner.run(SuiteRunner.java:276)
at org.testng.SuiteRunnerWorker.runSuite(SuiteRunnerWorker.java:53)
at org.testng.SuiteRunnerWorker.run(SuiteRunnerWorker.java:96)
at org.testng.TestNG.runSuitesSequentially(TestNG.java:1212)
at org.testng.TestNG.runSuitesLocally(TestNG.java:1134)
at org.testng.TestNG.runSuites(TestNG.java:1063)
at org.testng.TestNG.run(TestNG.java:1031)
at org.testng.remote.AbstractRemoteTestNG.run(AbstractRemoteTestNG.java:115)
at org.testng.remote.RemoteTestNG.initAndRun(RemoteTestNG.java:251)
at org.testng.remote.RemoteTestNG.main(RemoteTestNG.java:77)
Caused by: org.openqa.selenium.NoSuchElementException: no such element: Unable to locate element: {"method":"xpath","selector":"//a[@class='global-nav__secondary-link mv1'][contains(.,'Sign Out')]"}
  (Session info: chrome=100.0.4896.88)
For documentation on this error, please visit: https://selenium.dev/exceptions/#no_such_element
Build info: version: '4.1.2', revision: '9a5a329c5a'
System info: host: 'DESKTOP-0M1MH5T', ip: '192.168.0.192', os.name: 'Windows 10', os.arch: 'amd64', os.version: '10.0', java.version: '1.8.0_311'
Driver info: org.openqa.selenium.chrome.ChromeDriver
Command: [7fea3977d03fb86daae34e2076e586bc, findElement {using=xpath, value=//a[@class='global-nav__secondary-link mv1'][contains(.,'Sign Out')]}]
Capabilities {acceptInsecureCerts: false, browserName: chrome, browserVersion: 100.0.4896.88, chrome: {chromedriverVersion: 100.0.4896.60 (6a5d10861ce8..., userDataDir: C:\Users\LENOVO\AppData\Loc...}, goog:chromeOptions: {debuggerAddress: localhost:61853}, javascriptEnabled: true, networkConnectionEnabled: false, pageLoadStrategy: normal, platform: WINDOWS, platformName: WINDOWS, proxy: Proxy(), se:cdp: ws://localhost:61853/devtoo..., se:cdpVersion: 100.0.4896.88, setWindowRect: true, strictFileInteractability: false, timeouts: {implicit: 0, pageLoad: 300000, script: 30000}, unhandledPromptBehavior: dismiss and notify, webauthn:extension:credBlob: true, webauthn:extension:largeBlob: true, webauthn:virtualAuthenticators: true}
Session ID: 7fea3977d03fb86daae34e2076e586bc
at sun.reflect.NativeConstructorAccessorImpl.newInstance0(Native Method)
at sun.reflect.NativeConstructorAccessorImpl.newInstance(NativeConstructorAccessorImpl.java:62)
at sun.reflect.DelegatingConstructorAccessorImpl.newInstance(DelegatingConstructorAccessorImpl.java:45)
at java.lang.reflect.Constructor.newInstance(Constructor.java:423)
at org.openqa.selenium.remote.codec.w3c.W3CHttpResponseCodec.createException(W3CHttpResponseCodec.java:200)
at org.openqa.selenium.remote.codec.w3c.W3CHttpResponseCodec.decode(W3CHttpResponseCodec.java:133)
at org.openqa.selenium.remote.codec.w3c.W3CHttpResponseCodec.decode(W3CHttpResponseCodec.java:53)
at org.openqa.selenium.remote.HttpCommandExecutor.execute(HttpCommandExecutor.java:184)
at org.openqa.selenium.remote.service.DriverCommandExecutor.invokeExecute(DriverCommandExecutor.java:167)
at org.openqa.selenium.remote.service.DriverCommandExecutor.execute(DriverCommandExecutor.java:142)
at org.openqa.selenium.remote.RemoteWebDriver.execute(RemoteWebDriver.java:558)
at org.openqa.selenium.remote.ElementLocation$ElementFinder$2.findElement(ElementLocation.java:162)
at org.openqa.selenium.remote.ElementLocation.findElement(ElementLocation.java:60)
at org.openqa.selenium.remote.RemoteWebDriver.findElement(RemoteWebDriver.java:382)
at org.openqa.selenium.remote.RemoteWebDriver.findElement(RemoteWebDriver.java:374)
at org.openqa.selenium.support.pagefactory.DefaultElementLocator.findElement(DefaultElementLocator.java:70)
at org.openqa.selenium.support.pagefactory.internal.LocatingElementHandler.invoke(LocatingElementHandler.java:39)
at com.sun.proxy.$Proxy18.isDisplayed(Unknown Source)
at org.openqa.selenium.support.ui.ExpectedConditions.elementIfVisible(ExpectedConditions.java:307)
at org.openqa.selenium.support.ui.ExpectedConditions.access$000(ExpectedConditions.java:40)
at org.openqa.selenium.support.ui.ExpectedConditions$10.apply(ExpectedConditions.java:293)
at org.openqa.selenium.support.ui.ExpectedConditions$10.apply(ExpectedConditions.java:290)
at org.openqa.selenium.support.ui.ExpectedConditions$23.apply(ExpectedConditions.java:660)
at org.openqa.selenium.support.ui.ExpectedConditions$23.apply(ExpectedConditions.java:656)
at org.openqa.selenium.support.ui.FluentWait.until(FluentWait.java:208)
... 29 more
]]>
            </full-stacktrace>
          </exception> <!-- org.openqa.selenium.TimeoutException -->
          <reporter-output>
          </reporter-output>
        </test-method> <!-- afterClass -->
        <test-method status="SKIP" signature="tearDown()[pri:0, instance:com.qa.linkedin.testcases.SearchDatadrivenTest@4b14c583]" name="tearDown" is-config="true" duration-ms="-1651886653104" started-at="2022-05-07T06:54:13 IST" finished-at="1970-01-01T05:30:00 IST">
          <reporter-output>
          </reporter-output>
        </test-method> <!-- tearDown -->
      </class> <!-- com.qa.linkedin.testcases.SearchDatadrivenTest -->
    </test> <!-- HybridFrameworkTest -->
  </suite> <!-- HybridFrameworkSuite -->
</testng-results>
